<html>
<head>
<title>TestNG:  test-1</title>
<link href="../testng.css" rel="stylesheet" type="text/css" />
<link href="../my-testng.css" rel="stylesheet" type="text/css" />

<style type="text/css">
.log { display: none;} 
.stack-trace { display: none;} 
</style>
<script type="text/javascript">
<!--
function flip(e) {
  current = e.style.display;
  if (current == 'block') {
    e.style.display = 'none';
    return 0;
  }
  else {
    e.style.display = 'block';
    return 1;
  }
}

function toggleBox(szDivId, elem, msg1, msg2)
{
  var res = -1;  if (document.getElementById) {
    res = flip(document.getElementById(szDivId));
  }
  else if (document.all) {
    // this is the way old msie versions work
    res = flip(document.all[szDivId]);
  }
  if(elem) {
    if(res == 0) elem.innerHTML = msg1; else elem.innerHTML = msg2;
  }

}

function toggleAllBoxes() {
  if (document.getElementsByTagName) {
    d = document.getElementsByTagName('div');
    for (i = 0; i < d.length; i++) {
      if (d[i].className == 'log') {
        flip(d[i]);
      }
    }
  }
}

// -->
</script>

</head>
<body>
<h2 align='center'>test-1</h2><table border='1' align="center">
<tr>
<td>Tests passed/Failed/Skipped:</td><td>22/1/0</td>
</tr><tr>
<td>Started on:</td><td>Tue Aug 29 02:19:12 UTC 2023</td>
</tr>
<tr><td>Total time:</td><td>183 seconds (183056 ms)</td>
</tr><tr>
<td>Included groups:</td><td></td>
</tr><tr>
<td>Excluded groups:</td><td></td>
</tr>
</table><p/>
<small><i>(Hover the method name to see the test class name)</i></small><p/>
<table width='100%' border='1' class='invocation-failed'>
<tr><td colspan='4' align='center'><b>FAILED TESTS</b></td></tr>
<tr><td><b>Test method</b></td>
<td><b>Attribute(s)</b></td>
<td width="30%"><b>Exception</b></td>
<td width="10%"><b>Time (seconds)</b></td>
<td><b>Instance</b></td>
</tr>
<tr>
<td title='com.spree.test.ShoppingCartTest.func()'><b>func</b><br>Test class: com.spree.test.ShoppingCartTest</td>
<td><div><pre>org.openqa.selenium.NoSuchElementException: no such element: Unable to locate element: {&quot;method&quot;:&quot;xpath&quot;,&quot;selector&quot;:&quot;//div[contains(@class, &apos;shopping-cart-total-amount col align-self-end&apos;)]&quot;}
  (Session info: chrome=116.0.5845.111)
For documentation on this error, please visit: https://www.selenium.dev/documentation/webdriver/troubleshooting/errors#no-such-element-exception
Build info: version: &apos;4.11.0&apos;, revision: &apos;040bc5406b&apos;
System info: os.name: &apos;Windows Server 2019&apos;, os.arch: &apos;amd64&apos;, os.version: &apos;10.0&apos;, java.version: &apos;17.0.5&apos;
Driver info: org.openqa.selenium.chrome.ChromeDriver
Command: [fc518fc6a6867c5922dc1ce172bf1785, findElement {using=xpath, value=//div[contains(@class, &apos;shopping-cart-total-amount col align-self-end&apos;)]}]
Capabilities {acceptInsecureCerts: false, browserName: chrome, browserVersion: 116.0.5845.111, chrome: {chromedriverVersion: 116.0.5845.96 (1a3918166880..., userDataDir: C:\Users\10725328\AppData\L...}, fedcm:accounts: true, goog:chromeOptions: {debuggerAddress: localhost:53279}, networkConnectionEnabled: false, pageLoadStrategy: normal, platformName: windows, proxy: Proxy(), se:cdp: ws://localhost:53279/devtoo..., se:cdpVersion: 116.0.5845.111, setWindowRect: true, strictFileInteractability: false, timeouts: {implicit: 0, pageLoad: 300000, script: 30000}, unhandledPromptBehavior: dismiss and notify, webauthn:extension:credBlob: true, webauthn:extension:largeBlob: true, webauthn:extension:minPinLength: true, webauthn:extension:prf: true, webauthn:virtualAuthenticators: true}
Session ID: fc518fc6a6867c5922dc1ce172bf1785
	at org.openqa.selenium.remote.codec.w3c.W3CHttpResponseCodec.createException(W3CHttpResponseCodec.java:200)
	at org.openqa.selenium.remote.codec.w3c.W3CHttpResponseCodec.decode(W3CHttpResponseCodec.java:133)
	at org.openqa.selenium.remote.codec.w3c.W3CHttpResponseCodec.decode(W3CHttpResponseCodec.java:52)
	at org.openqa.selenium.remote.HttpCommandExecutor.execute(HttpCommandExecutor.java:191)
	at org.openqa.selenium.remote.service.DriverCommandExecutor.invokeExecute(DriverCommandExecutor.java:196)
	at org.openqa.selenium.remote.service.DriverCommandExecutor.execute(DriverCommandExecutor.java:171)
	at org.openqa.selenium.remote.RemoteWebDriver.execute(RemoteWebDriver.java:518)
	at org.openqa.selenium.remote.ElementLocation$ElementFinder$2.findElement(ElementLocation.java:165)
	at org.openqa.selenium.remote.ElementLocation.findElement(ElementLocation.java:59)
	at org.openqa.selenium.remote.RemoteWebDriver.findElement(RemoteWebDriver.java:355)
	at org.openqa.selenium.remote.RemoteWebDriver.findElement(RemoteWebDriver.java:349)
	at org.openqa.selenium.support.pagefactory.DefaultElementLocator.findElement(DefaultElementLocator.java:68)
	at org.openqa.selenium.support.pagefactory.internal.LocatingElementHandler.invoke(LocatingElementHandler.java:38)
	at jdk.proxy2/jdk.proxy2.$Proxy20.getText(Unknown Source)
	at com.spree.home.ShoppingCart.costToDouble(ShoppingCart.java:118)
	at com.spree.home.ShoppingCart.verifyCosts(ShoppingCart.java:127)
	at com.spree.test.ShoppingCartTest.func(ShoppingCartTest.java:52)
	at java.base/java.util.ArrayList.forEach(ArrayList.java:1511)
... Removed 32 stack frames</pre></div><a href='#' onClick='toggleBox("stack-trace1775639151", this, "Click to show all stack frames", "Click to hide stack frames")'>Click to show all stack frames</a>
<div class='stack-trace' id='stack-trace1775639151'><pre>org.openqa.selenium.NoSuchElementException: no such element: Unable to locate element: {&quot;method&quot;:&quot;xpath&quot;,&quot;selector&quot;:&quot;//div[contains(@class, &apos;shopping-cart-total-amount col align-self-end&apos;)]&quot;}
  (Session info: chrome=116.0.5845.111)
For documentation on this error, please visit: https://www.selenium.dev/documentation/webdriver/troubleshooting/errors#no-such-element-exception
Build info: version: &apos;4.11.0&apos;, revision: &apos;040bc5406b&apos;
System info: os.name: &apos;Windows Server 2019&apos;, os.arch: &apos;amd64&apos;, os.version: &apos;10.0&apos;, java.version: &apos;17.0.5&apos;
Driver info: org.openqa.selenium.chrome.ChromeDriver
Command: [fc518fc6a6867c5922dc1ce172bf1785, findElement {using=xpath, value=//div[contains(@class, &apos;shopping-cart-total-amount col align-self-end&apos;)]}]
Capabilities {acceptInsecureCerts: false, browserName: chrome, browserVersion: 116.0.5845.111, chrome: {chromedriverVersion: 116.0.5845.96 (1a3918166880..., userDataDir: C:\Users\10725328\AppData\L...}, fedcm:accounts: true, goog:chromeOptions: {debuggerAddress: localhost:53279}, networkConnectionEnabled: false, pageLoadStrategy: normal, platformName: windows, proxy: Proxy(), se:cdp: ws://localhost:53279/devtoo..., se:cdpVersion: 116.0.5845.111, setWindowRect: true, strictFileInteractability: false, timeouts: {implicit: 0, pageLoad: 300000, script: 30000}, unhandledPromptBehavior: dismiss and notify, webauthn:extension:credBlob: true, webauthn:extension:largeBlob: true, webauthn:extension:minPinLength: true, webauthn:extension:prf: true, webauthn:virtualAuthenticators: true}
Session ID: fc518fc6a6867c5922dc1ce172bf1785
	at java.base/jdk.internal.reflect.NativeConstructorAccessorImpl.newInstance0(Native Method)
	at java.base/jdk.internal.reflect.NativeConstructorAccessorImpl.newInstance(NativeConstructorAccessorImpl.java:77)
	at java.base/jdk.internal.reflect.DelegatingConstructorAccessorImpl.newInstance(DelegatingConstructorAccessorImpl.java:45)
	at java.base/java.lang.reflect.Constructor.newInstanceWithCaller(Constructor.java:499)
	at java.base/java.lang.reflect.Constructor.newInstance(Constructor.java:480)
	at org.openqa.selenium.remote.codec.w3c.W3CHttpResponseCodec.createException(W3CHttpResponseCodec.java:200)
	at org.openqa.selenium.remote.codec.w3c.W3CHttpResponseCodec.decode(W3CHttpResponseCodec.java:133)
	at org.openqa.selenium.remote.codec.w3c.W3CHttpResponseCodec.decode(W3CHttpResponseCodec.java:52)
	at org.openqa.selenium.remote.HttpCommandExecutor.execute(HttpCommandExecutor.java:191)
	at org.openqa.selenium.remote.service.DriverCommandExecutor.invokeExecute(DriverCommandExecutor.java:196)
	at org.openqa.selenium.remote.service.DriverCommandExecutor.execute(DriverCommandExecutor.java:171)
	at org.openqa.selenium.remote.RemoteWebDriver.execute(RemoteWebDriver.java:518)
	at org.openqa.selenium.remote.ElementLocation$ElementFinder$2.findElement(ElementLocation.java:165)
	at org.openqa.selenium.remote.ElementLocation.findElement(ElementLocation.java:59)
	at org.openqa.selenium.remote.RemoteWebDriver.findElement(RemoteWebDriver.java:355)
	at org.openqa.selenium.remote.RemoteWebDriver.findElement(RemoteWebDriver.java:349)
	at org.openqa.selenium.support.pagefactory.DefaultElementLocator.findElement(DefaultElementLocator.java:68)
	at org.openqa.selenium.support.pagefactory.internal.LocatingElementHandler.invoke(LocatingElementHandler.java:38)
	at jdk.proxy2/jdk.proxy2.$Proxy20.getText(Unknown Source)
	at com.spree.home.ShoppingCart.costToDouble(ShoppingCart.java:118)
	at com.spree.home.ShoppingCart.verifyCosts(ShoppingCart.java:127)
	at com.spree.test.ShoppingCartTest.func(ShoppingCartTest.java:52)
	at java.base/jdk.internal.reflect.NativeMethodAccessorImpl.invoke0(Native Method)
	at java.base/jdk.internal.reflect.NativeMethodAccessorImpl.invoke(NativeMethodAccessorImpl.java:77)
	at java.base/jdk.internal.reflect.DelegatingMethodAccessorImpl.invoke(DelegatingMethodAccessorImpl.java:43)
	at java.base/java.lang.reflect.Method.invoke(Method.java:568)
	at org.testng.internal.invokers.MethodInvocationHelper.invokeMethod(MethodInvocationHelper.java:139)
	at org.testng.internal.invokers.TestInvoker.invokeMethod(TestInvoker.java:664)
	at org.testng.internal.invokers.TestInvoker.invokeTestMethod(TestInvoker.java:227)
	at org.testng.internal.invokers.MethodRunner.runInSequence(MethodRunner.java:50)
	at org.testng.internal.invokers.TestInvoker$MethodInvocationAgent.invoke(TestInvoker.java:957)
	at org.testng.internal.invokers.TestInvoker.invokeTestMethods(TestInvoker.java:200)
	at org.testng.internal.invokers.TestMethodWorker.invokeTestMethods(TestMethodWorker.java:148)
	at org.testng.internal.invokers.TestMethodWorker.run(TestMethodWorker.java:128)
	at java.base/java.util.ArrayList.forEach(ArrayList.java:1511)
	at org.testng.TestRunner.privateRun(TestRunner.java:848)
	at org.testng.TestRunner.run(TestRunner.java:621)
	at org.testng.SuiteRunner.runTest(SuiteRunner.java:443)
	at org.testng.SuiteRunner.runSequentially(SuiteRunner.java:437)
	at org.testng.SuiteRunner.privateRun(SuiteRunner.java:397)
	at org.testng.SuiteRunner.run(SuiteRunner.java:336)
	at org.testng.SuiteRunnerWorker.runSuite(SuiteRunnerWorker.java:52)
	at org.testng.SuiteRunnerWorker.run(SuiteRunnerWorker.java:95)
	at org.testng.TestNG.runSuitesSequentially(TestNG.java:1280)
	at org.testng.TestNG.runSuitesLocally(TestNG.java:1200)
	at org.testng.TestNG.runSuites(TestNG.java:1114)
	at org.testng.TestNG.run(TestNG.java:1082)
	at org.testng.remote.AbstractRemoteTestNG.run(AbstractRemoteTestNG.java:115)
	at org.testng.remote.RemoteTestNG.initAndRun(RemoteTestNG.java:251)
	at org.testng.remote.RemoteTestNG.main(RemoteTestNG.java:77)
</pre></div></td>
<td>0</td>
<td>com.spree.test.ShoppingCartTest@508dec2b</td></tr>
</table><p>
<table width='100%' border='1' class='invocation-passed'>
<tr><td colspan='4' align='center'><b>PASSED TESTS</b></td></tr>
<tr><td><b>Test method</b></td>
<td><b>Attribute(s)</b></td>
<td width="30%"><b>Exception</b></td>
<td width="10%"><b>Time (seconds)</b></td>
<td><b>Instance</b></td>
</tr>
<tr>
<td title='com.spree.test.Spreecom_MyAccount_Test.verifyMyAccountText()'><b>verifyMyAccountText</b><br>Test class: com.spree.test.Spreecom_MyAccount_Test</td>
<td></td>
<td>4</td>
<td>com.spree.test.Spreecom_MyAccount_Test@38145825</td></tr>
<tr>
<td title='com.spree.test.HomeTest.func()'><b>func</b><br>Test class: com.spree.test.HomeTest</td>
<td></td>
<td>20</td>
<td>com.spree.test.HomeTest@24c1b2d2</td></tr>
<tr>
<td title='com.spree.test.EditAddressTest.validateEditAddressText()'><b>validateEditAddressText</b><br>Test class: com.spree.test.EditAddressTest</td>
<td></td>
<td>2</td>
<td>com.spree.test.EditAddressTest@3e0e1046</td></tr>
<tr>
<td title='com.spree.test.AddAddressTest.validateMyAccountURL()'><b>validateMyAccountURL</b><br>Test class: com.spree.test.AddAddressTest</td>
<td></td>
<td>2</td>
<td>com.spree.test.AddAddressTest@1b66c0fb</td></tr>
<tr>
<td title='com.spree.test.EditAddressTest.editAddress()'><b>editAddress</b><br>Test class: com.spree.test.EditAddressTest</td>
<td></td>
<td>5</td>
<td>com.spree.test.EditAddressTest@3e0e1046</td></tr>
<tr>
<td title='com.spree.test.Spreecom_MenPage_Test.validateWomenPage()'><b>validateWomenPage</b><br>Test class: com.spree.test.Spreecom_MenPage_Test</td>
<td></td>
<td>2</td>
<td>com.spree.test.Spreecom_MenPage_Test@37313c65</td></tr>
<tr>
<td title='com.spree.test.Spreecom_WomenPage_Test.validateWomenPage()'><b>validateWomenPage</b><br>Test class: com.spree.test.Spreecom_WomenPage_Test</td>
<td></td>
<td>2</td>
<td>com.spree.test.Spreecom_WomenPage_Test@1e4f4a5c</td></tr>
<tr>
<td title='com.spree.test.Spreecom_SportswearPage_Test.validateSportswearPage()'><b>validateSportswearPage</b><br>Test class: com.spree.test.Spreecom_SportswearPage_Test</td>
<td></td>
<td>2</td>
<td>com.spree.test.Spreecom_SportswearPage_Test@465232e9</td></tr>
<tr>
<td title='com.spree.test.EditAddressTest.validateEditAddressURL()'><b>validateEditAddressURL</b><br>Test class: com.spree.test.EditAddressTest</td>
<td></td>
<td>5</td>
<td>com.spree.test.EditAddressTest@3e0e1046</td></tr>
<tr>
<td title='com.spree.test.LoginTest.loginFullTest()'><b>loginFullTest</b><br>Test class: com.spree.test.LoginTest</td>
<td></td>
<td>9</td>
<td>com.spree.test.LoginTest@50378a4</td></tr>
<tr>
<td title='com.spree.test.AddAddressTest.validateMyAccountText()'><b>validateMyAccountText</b><br>Test class: com.spree.test.AddAddressTest</td>
<td></td>
<td>2</td>
<td>com.spree.test.AddAddressTest@1b66c0fb</td></tr>
<tr>
<td title='com.spree.test.Spreecom_SportswearPage_Test.validateText()'><b>validateText</b><br>Test class: com.spree.test.Spreecom_SportswearPage_Test</td>
<td></td>
<td>0</td>
<td>com.spree.test.Spreecom_SportswearPage_Test@465232e9</td></tr>
<tr>
<td title='com.spree.test.Spreecom_MenPage_Test.validateTitle()'><b>validateTitle</b><br>Test class: com.spree.test.Spreecom_MenPage_Test</td>
<td></td>
<td>0</td>
<td>com.spree.test.Spreecom_MenPage_Test@37313c65</td></tr>
<tr>
<td title='com.spree.test.Spreecom_MenPage_Test.validateText()'><b>validateText</b><br>Test class: com.spree.test.Spreecom_MenPage_Test</td>
<td></td>
<td>0</td>
<td>com.spree.test.Spreecom_MenPage_Test@37313c65</td></tr>
<tr>
<td title='com.spree.test.Spreecom_MyAccount_Test.verifyMyAccountUrl()'><b>verifyMyAccountUrl</b><br>Test class: com.spree.test.Spreecom_MyAccount_Test</td>
<td></td>
<td>4</td>
<td>com.spree.test.Spreecom_MyAccount_Test@38145825</td></tr>
<tr>
<td title='com.spree.test.Spreecom_WomenPage_Test.validateTitle()'><b>validateTitle</b><br>Test class: com.spree.test.Spreecom_WomenPage_Test</td>
<td></td>
<td>0</td>
<td>com.spree.test.Spreecom_WomenPage_Test@1e4f4a5c</td></tr>
<tr>
<td title='com.spree.test.CheckOutTest.checkOutFullTest()'><b>checkOutFullTest</b><br>Test class: com.spree.test.CheckOutTest</td>
<td></td>
<td>20</td>
<td>com.spree.test.CheckOutTest@5fb759d6</td></tr>
<tr>
<td title='com.spree.test.OrderTest.func()'><b>func</b><br>Test class: com.spree.test.OrderTest</td>
<td></td>
<td>3</td>
<td>com.spree.test.OrderTest@7dc19a70</td></tr>
<tr>
<td title='com.spree.test.Spreecom_WomenPage_Test.validateText()'><b>validateText</b><br>Test class: com.spree.test.Spreecom_WomenPage_Test</td>
<td></td>
<td>0</td>
<td>com.spree.test.Spreecom_WomenPage_Test@1e4f4a5c</td></tr>
<tr>
<td title='com.spree.test.CreateAccountTest.accountFullTest()'><b>accountFullTest</b><br>Test class: com.spree.test.CreateAccountTest</td>
<td></td>
<td>7</td>
<td>com.spree.test.CreateAccountTest@5884a914</td></tr>
<tr>
<td title='com.spree.test.AddAddressTest.addAddress()'><b>addAddress</b><br>Test class: com.spree.test.AddAddressTest</td>
<td></td>
<td>5</td>
<td>com.spree.test.AddAddressTest@1b66c0fb</td></tr>
<tr>
<td title='com.spree.test.Spreecom_SportswearPage_Test.validateTitle()'><b>validateTitle</b><br>Test class: com.spree.test.Spreecom_SportswearPage_Test</td>
<td></td>
<td>0</td>
<td>com.spree.test.Spreecom_SportswearPage_Test@465232e9</td></tr>
</table><p>
</body>
</html>