<?xml version="1.0" encoding="UTF-8"?>
<!-- Generated by org.testng.reporters.JUnitXMLReporter -->
<testsuite ignored="5" hostname="AZVDCNKCR0269-0" failures="1" tests="23" name="test-1" time="183.056" errors="0" timestamp="2023-08-29T02:22:15 UTC">
  <testcase classname="com.spree.test.CheckOutTest" name="checkOutFullTest" time="20.029"/>
  <testcase classname="com.spree.test.CreateAccountTest" name="accountFullTest" time="7.548"/>
  <testcase classname="com.spree.test.LoginTest" name="loginFullTest" time="9.742"/>
  <testcase classname="com.spree.test.Spreecom_MyAccount_Test" name="verifyMyAccountText" time="4.051"/>
  <testcase classname="com.spree.test.Spreecom_MyAccount_Test" name="verifyMyAccountUrl" time="4.014"/>
  <testcase classname="com.spree.test.AddAddressTest" name="validateMyAccountURL" time="2.021"/>
  <testcase classname="com.spree.test.AddAddressTest" name="validateMyAccountText" time="2.032"/>
  <testcase classname="com.spree.test.AddAddressTest" name="addAddress" time="5.566"/>
  <testcase classname="com.spree.test.EditAddressTest" name="validateEditAddressURL" time="5.309"/>
  <testcase classname="com.spree.test.EditAddressTest" name="validateEditAddressText" time="2.039"/>
  <testcase classname="com.spree.test.EditAddressTest" name="editAddress" time="5.157"/>
  <testcase classname="com.spree.test.HomeTest" name="func" time="20.494"/>
  <testcase classname="com.spree.test.OrderTest" name="func" time="3.906"/>
  <testcase classname="com.spree.test.ShoppingCartTest" name="func" time="0.096">
    <failure type="org.openqa.selenium.NoSuchElementException" message="no such element: Unable to locate element: {&amp;quot;method&amp;quot;:&amp;quot;xpath&amp;quot;,&amp;quot;selector&amp;quot;:&amp;quot;//div[contains(@class, &amp;apos;shopping-cart-total-amount col align-self-end&amp;apos;)]&amp;quot;}
  (Session info: chrome=116.0.5845.111)
For documentation on this error, please visit: https://www.selenium.dev/documentation/webdriver/troubleshooting/errors#no-such-element-exception
Build info: version: &amp;apos;4.11.0&amp;apos;, revision: &amp;apos;040bc5406b&amp;apos;
System info: os.name: &amp;apos;Windows Server 2019&amp;apos;, os.arch: &amp;apos;amd64&amp;apos;, os.version: &amp;apos;10.0&amp;apos;, java.version: &amp;apos;17.0.5&amp;apos;
Driver info: org.openqa.selenium.chrome.ChromeDriver
Command: [fc518fc6a6867c5922dc1ce172bf1785, findElement {using=xpath, value=//div[contains(@class, &amp;apos;shopping-cart-total-amount col align-self-end&amp;apos;)]}]
Capabilities {acceptInsecureCerts: false, browserName: chrome, browserVersion: 116.0.5845.111, chrome: {chromedriverVersion: 116.0.5845.96 (1a3918166880..., userDataDir: C:\Users\10725328\AppData\L...}, fedcm:accounts: true, goog:chromeOptions: {debuggerAddress: localhost:53279}, networkConnectionEnabled: false, pageLoadStrategy: normal, platformName: windows, proxy: Proxy(), se:cdp: ws://localhost:53279/devtoo..., se:cdpVersion: 116.0.5845.111, setWindowRect: true, strictFileInteractability: false, timeouts: {implicit: 0, pageLoad: 300000, script: 30000}, unhandledPromptBehavior: dismiss and notify, webauthn:extension:credBlob: true, webauthn:extension:largeBlob: true, webauthn:extension:minPinLength: true, webauthn:extension:prf: true, webauthn:virtualAuthenticators: true}
Session ID: fc518fc6a6867c5922dc1ce172bf1785">
      <![CDATA[org.openqa.selenium.NoSuchElementException: no such element: Unable to locate element: {"method":"xpath","selector":"//div[contains(@class, 'shopping-cart-total-amount col align-self-end')]"}
  (Session info: chrome=116.0.5845.111)
For documentation on this error, please visit: https://www.selenium.dev/documentation/webdriver/troubleshooting/errors#no-such-element-exception
Build info: version: '4.11.0', revision: '040bc5406b'
System info: os.name: 'Windows Server 2019', os.arch: 'amd64', os.version: '10.0', java.version: '17.0.5'
Driver info: org.openqa.selenium.chrome.ChromeDriver
Command: [fc518fc6a6867c5922dc1ce172bf1785, findElement {using=xpath, value=//div[contains(@class, 'shopping-cart-total-amount col align-self-end')]}]
Capabilities {acceptInsecureCerts: false, browserName: chrome, browserVersion: 116.0.5845.111, chrome: {chromedriverVersion: 116.0.5845.96 (1a3918166880..., userDataDir: C:\Users\10725328\AppData\L...}, fedcm:accounts: true, goog:chromeOptions: {debuggerAddress: localhost:53279}, networkConnectionEnabled: false, pageLoadStrategy: normal, platformName: windows, proxy: Proxy(), se:cdp: ws://localhost:53279/devtoo..., se:cdpVersion: 116.0.5845.111, setWindowRect: true, strictFileInteractability: false, timeouts: {implicit: 0, pageLoad: 300000, script: 30000}, unhandledPromptBehavior: dismiss and notify, webauthn:extension:credBlob: true, webauthn:extension:largeBlob: true, webauthn:extension:minPinLength: true, webauthn:extension:prf: true, webauthn:virtualAuthenticators: true}
Session ID: fc518fc6a6867c5922dc1ce172bf1785
at org.openqa.selenium.remote.codec.w3c.W3CHttpResponseCodec.createException(W3CHttpResponseCodec.java:200)
at org.openqa.selenium.remote.codec.w3c.W3CHttpResponseCodec.decode(W3CHttpResponseCodec.java:133)
at org.openqa.selenium.remote.codec.w3c.W3CHttpResponseCodec.decode(W3CHttpResponseCodec.java:52)
at org.openqa.selenium.remote.HttpCommandExecutor.execute(HttpCommandExecutor.java:191)
at org.openqa.selenium.remote.service.DriverCommandExecutor.invokeExecute(DriverCommandExecutor.java:196)
at org.openqa.selenium.remote.service.DriverCommandExecutor.execute(DriverCommandExecutor.java:171)
at org.openqa.selenium.remote.RemoteWebDriver.execute(RemoteWebDriver.java:518)
at org.openqa.selenium.remote.ElementLocation$ElementFinder$2.findElement(ElementLocation.java:165)
at org.openqa.selenium.remote.ElementLocation.findElement(ElementLocation.java:59)
at org.openqa.selenium.remote.RemoteWebDriver.findElement(RemoteWebDriver.java:355)
at org.openqa.selenium.remote.RemoteWebDriver.findElement(RemoteWebDriver.java:349)
at org.openqa.selenium.support.pagefactory.DefaultElementLocator.findElement(DefaultElementLocator.java:68)
at org.openqa.selenium.support.pagefactory.internal.LocatingElementHandler.invoke(LocatingElementHandler.java:38)
at jdk.proxy2/jdk.proxy2.$Proxy20.getText(Unknown Source)
at com.spree.home.ShoppingCart.costToDouble(ShoppingCart.java:118)
at com.spree.home.ShoppingCart.verifyCosts(ShoppingCart.java:127)
at com.spree.test.ShoppingCartTest.func(ShoppingCartTest.java:52)
at java.base/java.util.ArrayList.forEach(ArrayList.java:1511)
... Removed 32 stack frames]]>
    </failure>
  </testcase> <!-- func -->
  <testcase classname="com.spree.test.Spreecom_WomenPage_Test" name="validateWomenPage" time="2.082"/>
  <testcase classname="com.spree.test.Spreecom_WomenPage_Test" name="validateTitle" time="0.005"/>
  <testcase classname="com.spree.test.Spreecom_WomenPage_Test" name="validateText" time="0.127"/>
  <testcase classname="com.spree.test.Spreecom_MenPage_Test" name="validateWomenPage" time="2.082"/>
  <testcase classname="com.spree.test.Spreecom_MenPage_Test" name="validateTitle" time="0.005"/>
  <testcase classname="com.spree.test.Spreecom_MenPage_Test" name="validateText" time="0.097"/>
  <testcase classname="com.spree.test.Spreecom_SportswearPage_Test" name="validateSportswearPage" time="2.082"/>
  <testcase classname="com.spree.test.Spreecom_SportswearPage_Test" name="validateTitle" time="0.004"/>
  <testcase classname="com.spree.test.Spreecom_SportswearPage_Test" name="validateText" time="0.08"/>
  <testcase classname="com.spree.common.Spree_BaseSetup" name="@BeforeTest SetUp" time="0.0">
    <ignored/>
  </testcase> <!-- @BeforeTest SetUp -->
  <testcase classname="com.spree.common.Spree_BaseSetup" name="@BeforeTest SetUp" time="0.0">
    <ignored/>
  </testcase> <!-- @BeforeTest SetUp -->
  <testcase classname="com.spree.common.Spree_BaseSetup" name="@BeforeTest SetUp" time="0.0">
    <ignored/>
  </testcase> <!-- @BeforeTest SetUp -->
  <testcase classname="com.spree.common.Spree_BaseSetup" name="@BeforeTest SetUp" time="0.0">
    <ignored/>
  </testcase> <!-- @BeforeTest SetUp -->
  <testcase classname="com.spree.common.Spree_BaseSetup" name="@BeforeTest SetUp" time="0.0">
    <ignored/>
  </testcase> <!-- @BeforeTest SetUp -->
</testsuite> <!-- test-1 -->
